<?xml version="1.0" encoding="UTF-8"?>
<!-- Generated by org.testng.reporters.JUnitReportReporter -->
<testsuite skipped="0" hostname="WKS-CEB-DEV01" name="com.ym.jobboard.jobseeker.selenium.tests.JobseekerLoginTests" tests="1" failures="0" timestamp="22 Aug 2017 02:06:37 GMT" time="12.759" errors="0">
  <testcase name="jobseeker_Can_Login" time="12.759" classname="com.ym.jobboard.jobseeker.selenium.tests.JobseekerLoginTests"/>
</testsuite> <!-- com.ym.jobboard.jobseeker.selenium.tests.JobseekerLoginTests -->
